<?xml version="1.0" encoding="UTF-8" standalone="yes"?>
<ns2:test-suite start="1581369680001" stop="1581369961622" version="1.5.4" xmlns:ns2="urn:model.allure.qatools.yandex.ru">
    <name>Default Suite : HomeWorkAfterLesson19FinalProjectVersion2</name>
    <title>Default Suite : HomeWorkAfterLesson19FinalProjectVersion2</title>
    <test-cases>
        <test-case start="1581369699650" stop="1581369961621" status="broken">
            <name>singleChoiceTitleButtonsTest</name>
            <description></description>
            <failure>
                <message>Test was interrupted</message>
            </failure>
            <labels>
                <label name="testSuite" value="Default Suite"/>
                <label name="testGroup" value="HomeWorkAfterLesson19FinalProjectVersion2"/>
                <label name="testClass" value="tests.punkts.SingleChoiceLists.SingleChoiceTitleButtonsTest"/>
                <label name="testMethod" value="singleChoiceTitleButtonsTest"/>
                <label name="host" value="MacBook-Pro-Viktoria.local"/>
                <label name="thread" value="43276@MacBook-Pro-Viktoria.local.main(1)"/>
            </labels>
        </test-case>
        <test-case start="1581369680001" stop="1581369961621" status="broken">
            <name>Default Suite : HomeWorkAfterLesson19FinalProjectVersion2</name>
            <title>Default Suite : HomeWorkAfterLesson19FinalProjectVersion2</title>
            <failure>
                <message>Test suite was interrupted, some test cases may be lost</message>
            </failure>
        </test-case>
    </test-cases>
    <labels>
        <label name="framework" value="TestNG"/>
        <label name="language" value="JAVA"/>
    </labels>
</ns2:test-suite>
